240717204031176 ThreadServer.run()	INFO: (0) > Thread waiting for new client....
240717204037566 ThreadServer.run()	INFO: (0) > Thread Accepting connection >
240717204037567 Request.getData()	INFO: (0) request: [GET /favicon.ico HTTP/1.1, Host: localhost:1000, Connection: keep-alive, sec-ch-ua: "Not/A)Brand";v="8", "Chromium";v="126", "Brave";v="126", sec-ch-ua-mobile: ?0, User-Agent: Mozilla/5.0 (Windows NT 10.0; Win64; x64) AppleWebKit/537.36 (KHTML, like Gecko) Chrome/126.0.0.0 Safari/537.36, sec-ch-ua-platform: "Windows", Accept: image/avif,image/webp,image/apng,image/svg+xml,image/*,*/*;q=0.8, Sec-GPC: 1, Accept-Language: en-US,en, Sec-Fetch-Site: same-origin, Sec-Fetch-Mode: no-cors, Sec-Fetch-Dest: image, Referer: http://localhost:1000/, Accept-Encoding: gzip, deflate, br, zstd, ]
240717204037570 Response.sendData()	INFO: (0) response: [HTTP/1.1 index.html 200 OK, Content-Type: text/html;, ClaseCC8: Alumnos, Content-Length: 639, , <!DOCTYPE html>
<html lang="es">
<head>
    <meta charset="UTF-8">
    <meta name="viewport" content="width=device-width, initial-scale=1.0">
    <title>Lab HTTP</title>
    <style>
        body {
            text-align: center;
            font-size: 1.8em;
        }
     </style>
</head>
<body>
    <h1>Pruebas de Web Server</h1>
    <p>Test 1: <a href="test01/">HTML Simple con Media</a></p>
    <p>Test 2: <a href="test02/">Formularios GET/POST con enctype</a></p>
    <p>Test 3: <a href="test03/">Página Web Completa</a></p>
    <br>
    <p>
        El servidor cambió esto y agregó un número aleatorio: 887
    </p>
</body>
</html>
]
240717204037571 Response.sendData()	INFO: (0) request: GET /favicon.ico HTTP/1.1 || Host: localhost:1000 || Connection: keep-alive || sec-ch-ua: "Not/A)Brand";v="8", "Chromium";v="126", "Brave";v="126" || sec-ch-ua-mobile: ?0 || User-Agent: Mozilla/5.0 (Windows NT 10.0; Win64; x64) AppleWebKit/537.36 (KHTML, like Gecko) Chrome/126.0.0.0 Safari/537.36 || sec-ch-ua-platform: "Windows" || Accept: image/avif,image/webp,image/apng,image/svg+xml,image/*,*/*;q=0.8 || Sec-GPC: 1 || Accept-Language: en-US,en || Sec-Fetch-Site: same-origin || Sec-Fetch-Mode: no-cors || Sec-Fetch-Dest: image || Referer: http://localhost:1000/ || Accept-Encoding: gzip, deflate, br, zstd || 
240717204037571 ThreadServer.run()	INFO: (0) > Thread :: Time: 4 milliseconds
240717204037572 ThreadServer.run()	INFO: (0) > END #
240717204042576 ThreadServer.run()	INFO: (0) > Thread waiting for new client....
240717204042582 ThreadServer.run()	INFO: (0) > Thread Accepting connection >
240717204042584 Request.getData()	INFO: (0) request: [GET /favicon.ico HTTP/1.1, Host: localhost:1000, Connection: keep-alive, sec-ch-ua: "Not/A)Brand";v="8", "Chromium";v="126", "Brave";v="126", sec-ch-ua-mobile: ?0, User-Agent: Mozilla/5.0 (Windows NT 10.0; Win64; x64) AppleWebKit/537.36 (KHTML, like Gecko) Chrome/126.0.0.0 Safari/537.36, sec-ch-ua-platform: "Windows", Accept: image/avif,image/webp,image/apng,image/svg+xml,image/*,*/*;q=0.8, Sec-GPC: 1, Accept-Language: en-US,en, Sec-Fetch-Site: same-origin, Sec-Fetch-Mode: no-cors, Sec-Fetch-Dest: image, Referer: http://localhost:1000/test01/, Accept-Encoding: gzip, deflate, br, zstd, ]
240717204042586 Response.sendData()	INFO: (0) response: [HTTP/1.1 index.html 200 OK, Content-Type: text/html;, ClaseCC8: Alumnos, Content-Length: 639, , <!DOCTYPE html>
<html lang="es">
<head>
    <meta charset="UTF-8">
    <meta name="viewport" content="width=device-width, initial-scale=1.0">
    <title>Lab HTTP</title>
    <style>
        body {
            text-align: center;
            font-size: 1.8em;
        }
     </style>
</head>
<body>
    <h1>Pruebas de Web Server</h1>
    <p>Test 1: <a href="test01/">HTML Simple con Media</a></p>
    <p>Test 2: <a href="test02/">Formularios GET/POST con enctype</a></p>
    <p>Test 3: <a href="test03/">Página Web Completa</a></p>
    <br>
    <p>
        El servidor cambió esto y agregó un número aleatorio: 265
    </p>
</body>
</html>
]
240717204042587 Response.sendData()	INFO: (0) request: GET /favicon.ico HTTP/1.1 || Host: localhost:1000 || Connection: keep-alive || sec-ch-ua: "Not/A)Brand";v="8", "Chromium";v="126", "Brave";v="126" || sec-ch-ua-mobile: ?0 || User-Agent: Mozilla/5.0 (Windows NT 10.0; Win64; x64) AppleWebKit/537.36 (KHTML, like Gecko) Chrome/126.0.0.0 Safari/537.36 || sec-ch-ua-platform: "Windows" || Accept: image/avif,image/webp,image/apng,image/svg+xml,image/*,*/*;q=0.8 || Sec-GPC: 1 || Accept-Language: en-US,en || Sec-Fetch-Site: same-origin || Sec-Fetch-Mode: no-cors || Sec-Fetch-Dest: image || Referer: http://localhost:1000/test01/ || Accept-Encoding: gzip, deflate, br, zstd || 
240717204042587 ThreadServer.run()	INFO: (0) > Thread :: Time: 4 milliseconds
240717204042588 ThreadServer.run()	INFO: (0) > END #
240717204047601 ThreadServer.run()	INFO: (0) > Thread waiting for new client....
240717204047605 ThreadServer.run()	INFO: (0) > Thread Accepting connection >
240717204047605 Request.getData()	INFO: (0) request: [GET /favicon.ico HTTP/1.1, Host: localhost:1000, Connection: keep-alive, sec-ch-ua: "Not/A)Brand";v="8", "Chromium";v="126", "Brave";v="126", sec-ch-ua-mobile: ?0, User-Agent: Mozilla/5.0 (Windows NT 10.0; Win64; x64) AppleWebKit/537.36 (KHTML, like Gecko) Chrome/126.0.0.0 Safari/537.36, sec-ch-ua-platform: "Windows", Accept: image/avif,image/webp,image/apng,image/svg+xml,image/*,*/*;q=0.8, Sec-GPC: 1, Accept-Language: en-US,en, Sec-Fetch-Site: same-origin, Sec-Fetch-Mode: no-cors, Sec-Fetch-Dest: image, Referer: http://localhost:1000/test01/test02/, Accept-Encoding: gzip, deflate, br, zstd, ]
240717204047607 Response.sendData()	INFO: (0) response: [HTTP/1.1 index.html 200 OK, Content-Type: text/html;, ClaseCC8: Alumnos, Content-Length: 639, , <!DOCTYPE html>
<html lang="es">
<head>
    <meta charset="UTF-8">
    <meta name="viewport" content="width=device-width, initial-scale=1.0">
    <title>Lab HTTP</title>
    <style>
        body {
            text-align: center;
            font-size: 1.8em;
        }
     </style>
</head>
<body>
    <h1>Pruebas de Web Server</h1>
    <p>Test 1: <a href="test01/">HTML Simple con Media</a></p>
    <p>Test 2: <a href="test02/">Formularios GET/POST con enctype</a></p>
    <p>Test 3: <a href="test03/">Página Web Completa</a></p>
    <br>
    <p>
        El servidor cambió esto y agregó un número aleatorio: 143
    </p>
</body>
</html>
]
240717204047608 Response.sendData()	INFO: (0) request: GET /favicon.ico HTTP/1.1 || Host: localhost:1000 || Connection: keep-alive || sec-ch-ua: "Not/A)Brand";v="8", "Chromium";v="126", "Brave";v="126" || sec-ch-ua-mobile: ?0 || User-Agent: Mozilla/5.0 (Windows NT 10.0; Win64; x64) AppleWebKit/537.36 (KHTML, like Gecko) Chrome/126.0.0.0 Safari/537.36 || sec-ch-ua-platform: "Windows" || Accept: image/avif,image/webp,image/apng,image/svg+xml,image/*,*/*;q=0.8 || Sec-GPC: 1 || Accept-Language: en-US,en || Sec-Fetch-Site: same-origin || Sec-Fetch-Mode: no-cors || Sec-Fetch-Dest: image || Referer: http://localhost:1000/test01/test02/ || Accept-Encoding: gzip, deflate, br, zstd || 
240717204047608 ThreadServer.run()	INFO: (0) > Thread :: Time: 3 milliseconds
240717204047609 ThreadServer.run()	INFO: (0) > END #
240717204052613 ThreadServer.run()	INFO: (0) > Thread waiting for new client....
240717204052616 ThreadServer.run()	INFO: (0) > Thread Accepting connection >
240717204052617 Request.getData()	INFO: (0) request: [GET /favicon.ico HTTP/1.1, Host: localhost:1000, Connection: keep-alive, sec-ch-ua: "Not/A)Brand";v="8", "Chromium";v="126", "Brave";v="126", sec-ch-ua-mobile: ?0, User-Agent: Mozilla/5.0 (Windows NT 10.0; Win64; x64) AppleWebKit/537.36 (KHTML, like Gecko) Chrome/126.0.0.0 Safari/537.36, sec-ch-ua-platform: "Windows", Accept: image/avif,image/webp,image/apng,image/svg+xml,image/*,*/*;q=0.8, Sec-GPC: 1, Accept-Language: en-US,en, Sec-Fetch-Site: same-origin, Sec-Fetch-Mode: no-cors, Sec-Fetch-Dest: image, Referer: http://localhost:1000/test01/test02/test03/, Accept-Encoding: gzip, deflate, br, zstd, ]
240717204052619 Response.sendData()	INFO: (0) response: [HTTP/1.1 index.html 200 OK, Content-Type: text/html;, ClaseCC8: Alumnos, Content-Length: 639, , <!DOCTYPE html>
<html lang="es">
<head>
    <meta charset="UTF-8">
    <meta name="viewport" content="width=device-width, initial-scale=1.0">
    <title>Lab HTTP</title>
    <style>
        body {
            text-align: center;
            font-size: 1.8em;
        }
     </style>
</head>
<body>
    <h1>Pruebas de Web Server</h1>
    <p>Test 1: <a href="test01/">HTML Simple con Media</a></p>
    <p>Test 2: <a href="test02/">Formularios GET/POST con enctype</a></p>
    <p>Test 3: <a href="test03/">Página Web Completa</a></p>
    <br>
    <p>
        El servidor cambió esto y agregó un número aleatorio: 609
    </p>
</body>
</html>
]
240717204052620 Response.sendData()	INFO: (0) request: GET /favicon.ico HTTP/1.1 || Host: localhost:1000 || Connection: keep-alive || sec-ch-ua: "Not/A)Brand";v="8", "Chromium";v="126", "Brave";v="126" || sec-ch-ua-mobile: ?0 || User-Agent: Mozilla/5.0 (Windows NT 10.0; Win64; x64) AppleWebKit/537.36 (KHTML, like Gecko) Chrome/126.0.0.0 Safari/537.36 || sec-ch-ua-platform: "Windows" || Accept: image/avif,image/webp,image/apng,image/svg+xml,image/*,*/*;q=0.8 || Sec-GPC: 1 || Accept-Language: en-US,en || Sec-Fetch-Site: same-origin || Sec-Fetch-Mode: no-cors || Sec-Fetch-Dest: image || Referer: http://localhost:1000/test01/test02/test03/ || Accept-Encoding: gzip, deflate, br, zstd || 
240717204052620 ThreadServer.run()	INFO: (0) > Thread :: Time: 3 milliseconds
240717204052621 ThreadServer.run()	INFO: (0) > END #
240717204057630 ThreadServer.run()	INFO: (0) > Thread waiting for new client....
