240718202427111 ThreadServer.run()	INFO: (0) > Thread waiting for new client....
240718202431405 ThreadServer.run()	INFO: (0) > Thread Accepting connection >
240718202431413 Request.getData()	INFO: MENSAJE:[15] /favicon.ico
240718202431414 Request.getData()	INFO: MENSAJE:= 
240718202431414 Response.sendData()	INFO: request: 0GET /favicon.ico HTTP/1.1 
240718202431414 Response.sendData()	INFO: request: 1 Host: localhost:1000 
240718202431414 Response.sendData()	INFO: request: 2 Connection: keep-alive 
240718202431414 Response.sendData()	INFO: request: 3 sec-ch-ua: "Not/A)Brand";v="8", "Chromium";v="126", "Brave";v="126" 
240718202431414 Response.sendData()	INFO: request: 4 sec-ch-ua-mobile: ?0 
240718202431414 Response.sendData()	INFO: request: 5 User-Agent: Mozilla/5.0 (Windows NT 10.0; Win64; x64) AppleWebKit/537.36 (KHTML, like Gecko) Chrome/126.0.0.0 Safari/537.36 
240718202431414 Response.sendData()	INFO: request: 6 sec-ch-ua-platform: "Windows" 
240718202431414 Response.sendData()	INFO: request: 7 Accept: image/avif,image/webp,image/apng,image/svg+xml,image/*,*/*;q=0.8 
240718202431421 Response.sendData()	INFO: request: 8 Sec-GPC: 1 
240718202431421 Response.sendData()	INFO: request: 9 Accept-Language: en-US,en 
240718202431421 Response.sendData()	INFO: request: 10 Sec-Fetch-Site: same-origin 
240718202431421 Response.sendData()	INFO: request: 11 Sec-Fetch-Mode: no-cors 
240718202431421 Response.sendData()	INFO: request: 12 Sec-Fetch-Dest: image 
240718202431421 Response.sendData()	INFO: request: 13 Referer: http://localhost:1000/arch.html 
240718202431421 Response.sendData()	INFO: request: 14 Accept-Encoding: gzip, deflate, br, zstd 
240718202431421 Response.sendData()	INFO: request: 15 
240718202431421 Response.sendData()	INFO: RESPUESTAGET /favicon.ico HTTP/1.1 
240718202431421 Response.sendData()	INFO: (0) response: [HTTP/1.1 200 OK, Content-Type: image/x-icon, ClaseCC8: Alumnos, Content-Length: 0, , ]
240718202431421 Response.sendData()	INFO: (0) request: GET /favicon.ico HTTP/1.1 || Host: localhost:1000 || Connection: keep-alive || sec-ch-ua: "Not/A)Brand";v="8", "Chromium";v="126", "Brave";v="126" || sec-ch-ua-mobile: ?0 || User-Agent: Mozilla/5.0 (Windows NT 10.0; Win64; x64) AppleWebKit/537.36 (KHTML, like Gecko) Chrome/126.0.0.0 Safari/537.36 || sec-ch-ua-platform: "Windows" || Accept: image/avif,image/webp,image/apng,image/svg+xml,image/*,*/*;q=0.8 || Sec-GPC: 1 || Accept-Language: en-US,en || Sec-Fetch-Site: same-origin || Sec-Fetch-Mode: no-cors || Sec-Fetch-Dest: image || Referer: http://localhost:1000/arch.html || Accept-Encoding: gzip, deflate, br, zstd || 
240718202431421 ThreadServer.run()	INFO: (0) > Thread :: Time: 8 milliseconds
240718202431421 ThreadServer.run()	INFO: (0) > END #
240718202436428 ThreadServer.run()	INFO: (0) > Thread waiting for new client....
240718202458594 ThreadServer.run()	INFO: (0) > Thread Accepting connection >
240718202458594 Request.getData()	INFO: MENSAJE:[15] /favicon.ico
240718202458594 Request.getData()	INFO: MENSAJE:= 
240718202458594 Response.sendData()	INFO: request: 0GET /favicon.ico HTTP/1.1 
240718202458594 Response.sendData()	INFO: request: 1 Host: localhost:1000 
240718202458594 Response.sendData()	INFO: request: 2 Connection: keep-alive 
240718202458602 Response.sendData()	INFO: request: 3 sec-ch-ua: "Not/A)Brand";v="8", "Chromium";v="126", "Brave";v="126" 
240718202458602 Response.sendData()	INFO: request: 4 sec-ch-ua-mobile: ?0 
240718202458602 Response.sendData()	INFO: request: 5 User-Agent: Mozilla/5.0 (Windows NT 10.0; Win64; x64) AppleWebKit/537.36 (KHTML, like Gecko) Chrome/126.0.0.0 Safari/537.36 
240718202458602 Response.sendData()	INFO: request: 6 sec-ch-ua-platform: "Windows" 
240718202458602 Response.sendData()	INFO: request: 7 Accept: image/avif,image/webp,image/apng,image/svg+xml,image/*,*/*;q=0.8 
240718202458602 Response.sendData()	INFO: request: 8 Sec-GPC: 1 
240718202458602 Response.sendData()	INFO: request: 9 Accept-Language: en-US,en 
240718202458602 Response.sendData()	INFO: request: 10 Sec-Fetch-Site: same-origin 
240718202458602 Response.sendData()	INFO: request: 11 Sec-Fetch-Mode: no-cors 
240718202458602 Response.sendData()	INFO: request: 12 Sec-Fetch-Dest: image 
240718202458611 Response.sendData()	INFO: request: 13 Referer: http://localhost:1000/test01/test01/test01/test01/test01/test01/test01/test01/test01/ 
240718202458612 Response.sendData()	INFO: request: 14 Accept-Encoding: gzip, deflate, br, zstd 
240718202458612 Response.sendData()	INFO: request: 15 
240718202458612 Response.sendData()	INFO: RESPUESTAGET /favicon.ico HTTP/1.1 
240718202458612 Response.sendData()	INFO: (0) response: [HTTP/1.1 200 OK, Content-Type: image/x-icon, ClaseCC8: Alumnos, Content-Length: 0, , ]
240718202458612 Response.sendData()	INFO: (0) request: GET /favicon.ico HTTP/1.1 || Host: localhost:1000 || Connection: keep-alive || sec-ch-ua: "Not/A)Brand";v="8", "Chromium";v="126", "Brave";v="126" || sec-ch-ua-mobile: ?0 || User-Agent: Mozilla/5.0 (Windows NT 10.0; Win64; x64) AppleWebKit/537.36 (KHTML, like Gecko) Chrome/126.0.0.0 Safari/537.36 || sec-ch-ua-platform: "Windows" || Accept: image/avif,image/webp,image/apng,image/svg+xml,image/*,*/*;q=0.8 || Sec-GPC: 1 || Accept-Language: en-US,en || Sec-Fetch-Site: same-origin || Sec-Fetch-Mode: no-cors || Sec-Fetch-Dest: image || Referer: http://localhost:1000/test01/test01/test01/test01/test01/test01/test01/test01/test01/ || Accept-Encoding: gzip, deflate, br, zstd || 
240718202458612 ThreadServer.run()	INFO: (0) > Thread :: Time: 18 milliseconds
240718202458612 ThreadServer.run()	INFO: (0) > END #
240718202503625 ThreadServer.run()	INFO: (0) > Thread waiting for new client....
