240718203725797 ThreadServer.run()	INFO: (0) > Thread waiting for new client....
240718203725969 ThreadServer.run()	INFO: (0) > Thread Accepting connection >
240718203725975 Request.getData()	INFO: MENSAJE:[17] /arch.html
240718203725975 Request.getData()	INFO: MENSAJE:= 
240718203725983 Response.sendData()	INFO: request: 0GET /arch.html HTTP/1.1 
240718203725983 Response.sendData()	INFO: request: 1 Host: localhost:1000 
240718203725983 Response.sendData()	INFO: request: 2 Connection: keep-alive 
240718203725983 Response.sendData()	INFO: request: 3 Cache-Control: max-age=0 
240718203725983 Response.sendData()	INFO: request: 4 sec-ch-ua: "Not/A)Brand";v="8", "Chromium";v="126", "Brave";v="126" 
240718203725983 Response.sendData()	INFO: request: 5 sec-ch-ua-mobile: ?0 
240718203725991 Response.sendData()	INFO: request: 6 sec-ch-ua-platform: "Windows" 
240718203725991 Response.sendData()	INFO: request: 7 Upgrade-Insecure-Requests: 1 
240718203725991 Response.sendData()	INFO: request: 8 User-Agent: Mozilla/5.0 (Windows NT 10.0; Win64; x64) AppleWebKit/537.36 (KHTML, like Gecko) Chrome/126.0.0.0 Safari/537.36 
240718203725991 Response.sendData()	INFO: request: 9 Accept: text/html,application/xhtml+xml,application/xml;q=0.9,image/avif,image/webp,image/apng,*/*;q=0.8 
240718203725991 Response.sendData()	INFO: request: 10 Sec-GPC: 1 
240718203725991 Response.sendData()	INFO: request: 11 Accept-Language: en-US,en 
240718203725991 Response.sendData()	INFO: request: 12 Sec-Fetch-Site: none 
240718203725991 Response.sendData()	INFO: request: 13 Sec-Fetch-Mode: navigate 
240718203725991 Response.sendData()	INFO: request: 14 Sec-Fetch-User: ?1 
240718203725991 Response.sendData()	INFO: request: 15 Sec-Fetch-Dest: document 
240718203725999 Response.sendData()	INFO: request: 16 Accept-Encoding: gzip, deflate, br, zstd 
240718203725999 Response.sendData()	INFO: request: 17 
240718203725999 Response.sendData()	INFO: RESPUESTAGET /arch.html HTTP/1.1 
240718203726008 Response.sendData()	INFO: (0) response: [HTTP/1.1 200 OK, Content-Type: text/html, ClaseCC8: Alumnos, Content-Length: 51, , <b>Hola Mundo!</b>
<a href="b.html">Acceso a B</a>]
240718203726008 Response.sendData()	INFO: (0) request: GET /arch.html HTTP/1.1 || Host: localhost:1000 || Connection: keep-alive || Cache-Control: max-age=0 || sec-ch-ua: "Not/A)Brand";v="8", "Chromium";v="126", "Brave";v="126" || sec-ch-ua-mobile: ?0 || sec-ch-ua-platform: "Windows" || Upgrade-Insecure-Requests: 1 || User-Agent: Mozilla/5.0 (Windows NT 10.0; Win64; x64) AppleWebKit/537.36 (KHTML, like Gecko) Chrome/126.0.0.0 Safari/537.36 || Accept: text/html,application/xhtml+xml,application/xml;q=0.9,image/avif,image/webp,image/apng,*/*;q=0.8 || Sec-GPC: 1 || Accept-Language: en-US,en || Sec-Fetch-Site: none || Sec-Fetch-Mode: navigate || Sec-Fetch-User: ?1 || Sec-Fetch-Dest: document || Accept-Encoding: gzip, deflate, br, zstd || 
240718203726015 ThreadServer.run()	INFO: (0) > Thread :: Time: 36 milliseconds
240718203726015 ThreadServer.run()	INFO: (0) > END #
240718203731029 ThreadServer.run()	INFO: (0) > Thread waiting for new client....
240718203745272 ThreadServer.run()	INFO: (0) > Thread Accepting connection >
240718203745272 Request.getData()	INFO: MENSAJE:[17] /b.html
240718203745272 Request.getData()	INFO: MENSAJE:= 
240718203745272 Response.sendData()	INFO: request: 0GET /b.html HTTP/1.1 
240718203745280 Response.sendData()	INFO: request: 1 Host: localhost:1000 
240718203745280 Response.sendData()	INFO: request: 2 Connection: keep-alive 
240718203745280 Response.sendData()	INFO: request: 3 sec-ch-ua: "Not/A)Brand";v="8", "Chromium";v="126", "Brave";v="126" 
240718203745280 Response.sendData()	INFO: request: 4 sec-ch-ua-mobile: ?0 
240718203745280 Response.sendData()	INFO: request: 5 sec-ch-ua-platform: "Windows" 
240718203745280 Response.sendData()	INFO: request: 6 Upgrade-Insecure-Requests: 1 
240718203745280 Response.sendData()	INFO: request: 7 User-Agent: Mozilla/5.0 (Windows NT 10.0; Win64; x64) AppleWebKit/537.36 (KHTML, like Gecko) Chrome/126.0.0.0 Safari/537.36 
240718203745280 Response.sendData()	INFO: request: 8 Accept: text/html,application/xhtml+xml,application/xml;q=0.9,image/avif,image/webp,image/apng,*/*;q=0.8 
240718203745280 Response.sendData()	INFO: request: 9 Sec-GPC: 1 
240718203745280 Response.sendData()	INFO: request: 10 Accept-Language: en-US,en 
240718203745280 Response.sendData()	INFO: request: 11 Sec-Fetch-Site: same-origin 
240718203745280 Response.sendData()	INFO: request: 12 Sec-Fetch-Mode: navigate 
240718203745280 Response.sendData()	INFO: request: 13 Sec-Fetch-User: ?1 
240718203745288 Response.sendData()	INFO: request: 14 Sec-Fetch-Dest: document 
240718203745290 Response.sendData()	INFO: request: 15 Referer: http://localhost:1000/arch.html 
240718203745290 Response.sendData()	INFO: request: 16 Accept-Encoding: gzip, deflate, br, zstd 
240718203745290 Response.sendData()	INFO: request: 17 
240718203745290 Response.sendData()	INFO: RESPUESTAGET /b.html HTTP/1.1 
240718203745290 Response.sendData()	INFO: (0) response: [HTTP/1.1 200 OK, Content-Type: text/html, ClaseCC8: Alumnos, Content-Length: 18, , <h1>Archivo B</h1>]
240718203745290 Response.sendData()	INFO: (0) request: GET /b.html HTTP/1.1 || Host: localhost:1000 || Connection: keep-alive || sec-ch-ua: "Not/A)Brand";v="8", "Chromium";v="126", "Brave";v="126" || sec-ch-ua-mobile: ?0 || sec-ch-ua-platform: "Windows" || Upgrade-Insecure-Requests: 1 || User-Agent: Mozilla/5.0 (Windows NT 10.0; Win64; x64) AppleWebKit/537.36 (KHTML, like Gecko) Chrome/126.0.0.0 Safari/537.36 || Accept: text/html,application/xhtml+xml,application/xml;q=0.9,image/avif,image/webp,image/apng,*/*;q=0.8 || Sec-GPC: 1 || Accept-Language: en-US,en || Sec-Fetch-Site: same-origin || Sec-Fetch-Mode: navigate || Sec-Fetch-User: ?1 || Sec-Fetch-Dest: document || Referer: http://localhost:1000/arch.html || Accept-Encoding: gzip, deflate, br, zstd || 
240718203745290 ThreadServer.run()	INFO: (0) > Thread :: Time: 18 milliseconds
240718203745290 ThreadServer.run()	INFO: (0) > END #
240718203750298 ThreadServer.run()	INFO: (0) > Thread waiting for new client....
240718203750299 ThreadServer.run()	INFO: (0) > Thread Accepting connection >
240718203750299 Request.getData()	INFO: MENSAJE:[15] /favicon.ico
240718203750299 Request.getData()	INFO: MENSAJE:= 
240718203750299 Response.sendData()	INFO: request: 0GET /favicon.ico HTTP/1.1 
240718203750307 Response.sendData()	INFO: request: 1 Host: localhost:1000 
240718203750307 Response.sendData()	INFO: request: 2 Connection: keep-alive 
240718203750310 Response.sendData()	INFO: request: 3 sec-ch-ua: "Not/A)Brand";v="8", "Chromium";v="126", "Brave";v="126" 
240718203750312 Response.sendData()	INFO: request: 4 sec-ch-ua-mobile: ?0 
240718203750312 Response.sendData()	INFO: request: 5 User-Agent: Mozilla/5.0 (Windows NT 10.0; Win64; x64) AppleWebKit/537.36 (KHTML, like Gecko) Chrome/126.0.0.0 Safari/537.36 
240718203750314 Response.sendData()	INFO: request: 6 sec-ch-ua-platform: "Windows" 
240718203750316 Response.sendData()	INFO: request: 7 Accept: image/avif,image/webp,image/apng,image/svg+xml,image/*,*/*;q=0.8 
240718203750316 Response.sendData()	INFO: request: 8 Sec-GPC: 1 
240718203750316 Response.sendData()	INFO: request: 9 Accept-Language: en-US,en 
240718203750316 Response.sendData()	INFO: request: 10 Sec-Fetch-Site: same-origin 
240718203750316 Response.sendData()	INFO: request: 11 Sec-Fetch-Mode: no-cors 
240718203750316 Response.sendData()	INFO: request: 12 Sec-Fetch-Dest: image 
240718203750316 Response.sendData()	INFO: request: 13 Referer: http://localhost:1000/arch.html 
240718203750316 Response.sendData()	INFO: request: 14 Accept-Encoding: gzip, deflate, br, zstd 
240718203750316 Response.sendData()	INFO: request: 15 
240718203750316 Response.sendData()	INFO: RESPUESTAGET /favicon.ico HTTP/1.1 
240718203750323 Response.sendData()	INFO: (0) response: [HTTP/1.1 200 OK, Content-Type: image/x-icon, ClaseCC8: Alumnos, Content-Length: 0, , ]
240718203750326 Response.sendData()	INFO: (0) request: GET /favicon.ico HTTP/1.1 || Host: localhost:1000 || Connection: keep-alive || sec-ch-ua: "Not/A)Brand";v="8", "Chromium";v="126", "Brave";v="126" || sec-ch-ua-mobile: ?0 || User-Agent: Mozilla/5.0 (Windows NT 10.0; Win64; x64) AppleWebKit/537.36 (KHTML, like Gecko) Chrome/126.0.0.0 Safari/537.36 || sec-ch-ua-platform: "Windows" || Accept: image/avif,image/webp,image/apng,image/svg+xml,image/*,*/*;q=0.8 || Sec-GPC: 1 || Accept-Language: en-US,en || Sec-Fetch-Site: same-origin || Sec-Fetch-Mode: no-cors || Sec-Fetch-Dest: image || Referer: http://localhost:1000/arch.html || Accept-Encoding: gzip, deflate, br, zstd || 
240718203750327 ThreadServer.run()	INFO: (0) > Thread :: Time: 28 milliseconds
240718203750327 ThreadServer.run()	INFO: (0) > END #
240718203755342 ThreadServer.run()	INFO: (0) > Thread waiting for new client....
240718203755342 ThreadServer.run()	INFO: (0) > Thread Accepting connection >
240718203755342 Request.getData()	INFO: MENSAJE:[15] /favicon.ico
240718203755342 Request.getData()	INFO: MENSAJE:= 
240718203755342 Response.sendData()	INFO: request: 0GET /favicon.ico HTTP/1.1 
240718203755349 Response.sendData()	INFO: request: 1 Host: localhost:1000 
240718203755349 Response.sendData()	INFO: request: 2 Connection: keep-alive 
240718203755349 Response.sendData()	INFO: request: 3 sec-ch-ua: "Not/A)Brand";v="8", "Chromium";v="126", "Brave";v="126" 
240718203755352 Response.sendData()	INFO: request: 4 sec-ch-ua-mobile: ?0 
240718203755352 Response.sendData()	INFO: request: 5 User-Agent: Mozilla/5.0 (Windows NT 10.0; Win64; x64) AppleWebKit/537.36 (KHTML, like Gecko) Chrome/126.0.0.0 Safari/537.36 
240718203755352 Response.sendData()	INFO: request: 6 sec-ch-ua-platform: "Windows" 
240718203755352 Response.sendData()	INFO: request: 7 Accept: image/avif,image/webp,image/apng,image/svg+xml,image/*,*/*;q=0.8 
240718203755352 Response.sendData()	INFO: request: 8 Sec-GPC: 1 
240718203755355 Response.sendData()	INFO: request: 9 Accept-Language: en-US,en 
240718203755355 Response.sendData()	INFO: request: 10 Sec-Fetch-Site: same-origin 
240718203755356 Response.sendData()	INFO: request: 11 Sec-Fetch-Mode: no-cors 
240718203755357 Response.sendData()	INFO: request: 12 Sec-Fetch-Dest: image 
240718203755358 Response.sendData()	INFO: request: 13 Referer: http://localhost:1000/b.html 
240718203755358 Response.sendData()	INFO: request: 14 Accept-Encoding: gzip, deflate, br, zstd 
240718203755358 Response.sendData()	INFO: request: 15 
240718203755358 Response.sendData()	INFO: RESPUESTAGET /favicon.ico HTTP/1.1 
240718203755363 Response.sendData()	INFO: (0) response: [HTTP/1.1 200 OK, Content-Type: image/x-icon, ClaseCC8: Alumnos, Content-Length: 0, , ]
240718203755364 Response.sendData()	INFO: (0) request: GET /favicon.ico HTTP/1.1 || Host: localhost:1000 || Connection: keep-alive || sec-ch-ua: "Not/A)Brand";v="8", "Chromium";v="126", "Brave";v="126" || sec-ch-ua-mobile: ?0 || User-Agent: Mozilla/5.0 (Windows NT 10.0; Win64; x64) AppleWebKit/537.36 (KHTML, like Gecko) Chrome/126.0.0.0 Safari/537.36 || sec-ch-ua-platform: "Windows" || Accept: image/avif,image/webp,image/apng,image/svg+xml,image/*,*/*;q=0.8 || Sec-GPC: 1 || Accept-Language: en-US,en || Sec-Fetch-Site: same-origin || Sec-Fetch-Mode: no-cors || Sec-Fetch-Dest: image || Referer: http://localhost:1000/b.html || Accept-Encoding: gzip, deflate, br, zstd || 
240718203755365 ThreadServer.run()	INFO: (0) > Thread :: Time: 23 milliseconds
240718203755367 ThreadServer.run()	INFO: (0) > END #
240718203800370 ThreadServer.run()	INFO: (0) > Thread waiting for new client....
