240722234803552 ThreadServer.run()	INFO: (1) > Thread waiting for new client....
240722234807754 ThreadServer.run()	INFO: (1) > Thread Accepting connection >
240722234807767 Request.getData()	INFO: MENSAJE:[17] /test01/index.html
240722234807773 Request.getData()	INFO: MENSAJE:= 
240722234807776 Response.sendData()	INFO: request: 0GET /test01/index.html HTTP/1.1 
240722234807778 Response.sendData()	INFO: request: 1 Host: localhost:1000 
240722234807778 Response.sendData()	INFO: request: 2 Connection: keep-alive 
240722234807778 Response.sendData()	INFO: request: 3 Cache-Control: max-age=0 
240722234807784 Response.sendData()	INFO: request: 4 sec-ch-ua: "Not/A)Brand";v="8", "Chromium";v="126", "Brave";v="126" 
240722234807784 Response.sendData()	INFO: request: 5 sec-ch-ua-mobile: ?0 
240722234807784 Response.sendData()	INFO: request: 6 sec-ch-ua-platform: "Windows" 
240722234807788 Response.sendData()	INFO: request: 7 Upgrade-Insecure-Requests: 1 
240722234807788 Response.sendData()	INFO: request: 8 User-Agent: Mozilla/5.0 (Windows NT 10.0; Win64; x64) AppleWebKit/537.36 (KHTML, like Gecko) Chrome/126.0.0.0 Safari/537.36 
240722234807788 Response.sendData()	INFO: request: 9 Accept: text/html,application/xhtml+xml,application/xml;q=0.9,image/avif,image/webp,image/apng,*/*;q=0.8 
240722234807788 Response.sendData()	INFO: request: 10 Sec-GPC: 1 
240722234807788 Response.sendData()	INFO: request: 11 Accept-Language: en-US,en 
240722234807788 Response.sendData()	INFO: request: 12 Sec-Fetch-Site: none 
240722234807788 Response.sendData()	INFO: request: 13 Sec-Fetch-Mode: navigate 
240722234807792 Response.sendData()	INFO: request: 14 Sec-Fetch-User: ?1 
240722234807793 Response.sendData()	INFO: request: 15 Sec-Fetch-Dest: document 
240722234807793 Response.sendData()	INFO: request: 16 Accept-Encoding: gzip, deflate, br, zstd 
240722234807793 Response.sendData()	INFO: request: 17 
240722234807793 Response.sendData()	INFO: RESPUESTAGET /test01/index.html HTTP/1.1 
240722234807793 Response.sendData()	INFO: PATHH:  /test01/index.html
240722234807988 Response.sendData()	INFO: (1) response: [HTTP/1.1 200 OK, Content-Type: text/html, Content-Length: 4241, ]
240722234807993 Response.sendData()	INFO: (1) request: GET /test01/index.html HTTP/1.1 || Host: localhost:1000 || Connection: keep-alive || Cache-Control: max-age=0 || sec-ch-ua: "Not/A)Brand";v="8", "Chromium";v="126", "Brave";v="126" || sec-ch-ua-mobile: ?0 || sec-ch-ua-platform: "Windows" || Upgrade-Insecure-Requests: 1 || User-Agent: Mozilla/5.0 (Windows NT 10.0; Win64; x64) AppleWebKit/537.36 (KHTML, like Gecko) Chrome/126.0.0.0 Safari/537.36 || Accept: text/html,application/xhtml+xml,application/xml;q=0.9,image/avif,image/webp,image/apng,*/*;q=0.8 || Sec-GPC: 1 || Accept-Language: en-US,en || Sec-Fetch-Site: none || Sec-Fetch-Mode: navigate || Sec-Fetch-User: ?1 || Sec-Fetch-Dest: document || Accept-Encoding: gzip, deflate, br, zstd || 
240722234808027 ThreadServer.run()	INFO: (1) > Thread :: Time: 262 milliseconds
240722234808051 ThreadServer.run()	INFO: (1) > END #
240722234813068 ThreadServer.run()	INFO: (1) > Thread waiting for new client....
240722234813068 ThreadServer.run()	INFO: (1) > Thread Accepting connection >
240722234813068 Request.getData()	INFO: MENSAJE:[15] /test01/images/fisicc.png
240722234813073 Request.getData()	INFO: MENSAJE:= 
240722234813073 Response.sendData()	INFO: request: 0GET /test01/images/fisicc.png HTTP/1.1 
240722234813073 Response.sendData()	INFO: request: 1 Host: localhost:1000 
240722234813073 Response.sendData()	INFO: request: 2 Connection: keep-alive 
240722234813076 Response.sendData()	INFO: request: 3 sec-ch-ua: "Not/A)Brand";v="8", "Chromium";v="126", "Brave";v="126" 
240722234813076 Response.sendData()	INFO: request: 4 sec-ch-ua-mobile: ?0 
240722234813076 Response.sendData()	INFO: request: 5 User-Agent: Mozilla/5.0 (Windows NT 10.0; Win64; x64) AppleWebKit/537.36 (KHTML, like Gecko) Chrome/126.0.0.0 Safari/537.36 
240722234813076 Response.sendData()	INFO: request: 6 sec-ch-ua-platform: "Windows" 
240722234813076 Response.sendData()	INFO: request: 7 Accept: image/avif,image/webp,image/apng,image/svg+xml,image/*,*/*;q=0.8 
240722234813083 Response.sendData()	INFO: request: 8 Sec-GPC: 1 
240722234813084 Response.sendData()	INFO: request: 9 Accept-Language: en-US,en 
240722234813084 Response.sendData()	INFO: request: 10 Sec-Fetch-Site: same-origin 
240722234813084 Response.sendData()	INFO: request: 11 Sec-Fetch-Mode: no-cors 
240722234813084 Response.sendData()	INFO: request: 12 Sec-Fetch-Dest: image 
240722234813093 Response.sendData()	INFO: request: 13 Referer: http://localhost:1000/test01/index.html 
240722234813093 Response.sendData()	INFO: request: 14 Accept-Encoding: gzip, deflate, br, zstd 
240722234813093 Response.sendData()	INFO: request: 15 
240722234813093 Response.sendData()	INFO: RESPUESTAGET /test01/images/fisicc.png HTTP/1.1 
240722234813093 Response.sendData()	INFO: PATHH:  /test01/images/fisicc.png
240722234853344 Response.sendData()	INFO: (1) response: [HTTP/1.1 200 OK, Content-Type: image/png, Content-Length: 779652, ]
240722234853344 Response.sendData()	INFO: (1) request: GET /test01/images/fisicc.png HTTP/1.1 || Host: localhost:1000 || Connection: keep-alive || sec-ch-ua: "Not/A)Brand";v="8", "Chromium";v="126", "Brave";v="126" || sec-ch-ua-mobile: ?0 || User-Agent: Mozilla/5.0 (Windows NT 10.0; Win64; x64) AppleWebKit/537.36 (KHTML, like Gecko) Chrome/126.0.0.0 Safari/537.36 || sec-ch-ua-platform: "Windows" || Accept: image/avif,image/webp,image/apng,image/svg+xml,image/*,*/*;q=0.8 || Sec-GPC: 1 || Accept-Language: en-US,en || Sec-Fetch-Site: same-origin || Sec-Fetch-Mode: no-cors || Sec-Fetch-Dest: image || Referer: http://localhost:1000/test01/index.html || Accept-Encoding: gzip, deflate, br, zstd || 
240722234853344 ThreadServer.run()	INFO: (1) > Thread :: Time: 40276 milliseconds
240722234853344 ThreadServer.run()	INFO: (1) > END #
240722234858353 ThreadServer.run()	INFO: (1) > Thread waiting for new client....
