240725203030943 ThreadServer.run()	INFO: (0) > Thread waiting for new client....
240725203116172 ThreadServer.run()	INFO: (0) > Thread Accepting connection >
240725203116180 Request.getData()	INFO: (0) request: [GET /favicon.ico HTTP/1.1, Host: localhost:1000, Connection: keep-alive, sec-ch-ua: "Not)A;Brand";v="99", "Brave";v="127", "Chromium";v="127", sec-ch-ua-mobile: ?0, User-Agent: Mozilla/5.0 (Windows NT 10.0; Win64; x64) AppleWebKit/537.36 (KHTML, like Gecko) Chrome/127.0.0.0 Safari/537.36, sec-ch-ua-platform: "Windows", Accept: image/avif,image/webp,image/apng,image/svg+xml,image/*,*/*;q=0.8, Sec-GPC: 1, Accept-Language: en-US,en, Sec-Fetch-Site: same-origin, Sec-Fetch-Mode: no-cors, Sec-Fetch-Dest: image, Referer: http://localhost:1000/, Accept-Encoding: gzip, deflate, br, zstd, ]
240725203116188 Response.sendData()	INFO: (0) HTTP_request.get(0) : GET /favicon.ico HTTP/1.1
240725203116188 Response.sendData()	INFO: (0) response: [HTTP/1.1 200 OK, Content-Type: text/html, Content-Length: 3012, , <!DOCTYPE html>
<html lang="es">
<head>
    <meta charset="UTF-8">
    <meta name="viewport" content="width=device-width, initial-scale=1.0">
    <title>Enviar Correo Electrónico</title>
    <style>
        body {
            font-family: Arial, sans-serif;
            margin: 20px;
        }
        form {
            max-width: 600px;
            margin: 0 auto;
            padding: 20px;
            border: 1px solid #ccc;
            border-radius: 10px;
        }
        div {
            margin-bottom: 15px;
        }
        label {
            display: block;
            margin-bottom: 5px;
            font-weight: bold;
        }
        input[type="text"],
        input[type="email"],
        textarea {
            width: 90%;
            padding: 10px;
            border: 1px solid #ccc;
            border-radius: 5px;
        }
        input[type="submit"] {
            padding: 10px 20px;
            background-color: #28a745;
            color: white;
            border: none;
            border-radius: 5px;
            cursor: pointer;
        }
        input[type="submit"]:hover {
            background-color: #218838;
        }
    </style>
    <title>Formularios DEMO</title>
    <script type="text/javascript">
        function submitForm(event) {
            event.preventDefault();
            var form = event.target;
            var formData = new FormData(form);
            var jsonObject = "";
            formData.forEach(function(value, key){jsonObject = jsonObject+key+":"+value+";|;";});
            var xhr = new XMLHttpRequest();
            xhr.open(form.method, form.action, true);
            xhr.setRequestHeader('Content-Type', 'text/experiment; charset=UTF-8');
            xhr.onreadystatechange = function () {
                if (xhr.readyState === 4 && xhr.status === 200) {
                    window.alert("Mensaje Enviado!");
                } else if(xhr.readyState === 4) {
                    window.alert("Error o Time Out, " + xhr.statusText );
                }
            };
            xhr.send(JSON.stringify(jsonObject));
        }
    </script>
</head>
<body>
    <h1>Enviar Correo Electrónico</h1>
    <form action="/sendSMTP" method="post" onsubmit="submitForm(event)">
        <div>
            <label for="from">De:</label>
            <input type="email" id="from" name="from" value="curso_cc8@lab03.edu" required>
        </div>
        <div>
            <label for="to">Para:</label>
            <input type="email" id="to" name="to" value="correo_externo@galileo.edu" required>
        </div>
        <div>
            <label for="subject">Asunto:</label>
            <input type="text" id="subject" name="subject" value="Lab 03 - SMTP" required>
        </div>
        <div>
            <label for="body">Mensaje:</label>
            <textarea id="body" name="body" rows="10" required>Hola Mundo!</textarea>
        </div>
        <div>
            <input type="submit" value="Enviar">
        </div>
    </form>
</body>
</html>]
240725203116188 ThreadServer.run()	INFO: (0) > Thread :: Time: 8 milliseconds
240725203116197 ThreadServer.run()	INFO: (0) > END #
240725203121212 ThreadServer.run()	INFO: (0) > Thread waiting for new client....
240725203340493 ThreadServer.run()	INFO: (0) > Thread Accepting connection >
240725203340500 Request.getData()	INFO: (0) request: [POST /sendSMTP HTTP/1.1, Host: localhost:1000, Connection: keep-alive, Content-Length: 102, sec-ch-ua: "Not)A;Brand";v="99", "Brave";v="127", "Chromium";v="127", Content-Type: text/experiment; charset=UTF-8, sec-ch-ua-mobile: ?0, User-Agent: Mozilla/5.0 (Windows NT 10.0; Win64; x64) AppleWebKit/537.36 (KHTML, like Gecko) Chrome/127.0.0.0 Safari/537.36, sec-ch-ua-platform: "Windows", Accept: */*, Sec-GPC: 1, Accept-Language: en-US,en, Origin: http://localhost:1000, Sec-Fetch-Site: same-origin, Sec-Fetch-Mode: cors, Sec-Fetch-Dest: empty, Referer: http://localhost:1000/, Accept-Encoding: gzip, deflate, br, zstd, "from:celeste@lab03.edu;|;to:correo_externo@galileo.edu;|;subject:Lab 03 - SMTP;|;body:Hola Mundo!;|;"]
240725203340500 Response.sendData()	INFO: "from:celeste@lab03.edu;|;to:correo_externo@galileo.edu;|;subject:Lab 03 - SMTP;|;body:Hola Mundo!;|;"
240725203340500 Response.sendData()	INFO: FROMMMM: celeste@lab03.edu
240725203340500 Response.sendData()	INFO: TOOOOOO: correo_externo@galileo.edu
240725203340500 Response.sendData()	INFO: BODYYYY: Lab 03 - SMTP
Hola Mundo!
240725203340517 Response.sendData()	INFO: (0) HTTP_request.getLast() : "from:celeste@lab03.edu;|;to:correo_externo@galileo.edu;|;subject:Lab 03 - SMTP;|;body:Hola Mundo!;|;"
240725203340518 Response.sendData()	INFO: (0) response: [HTTP/1.1 200 OK]
240725203340518 ThreadServer.run()	INFO: (0) > Thread :: Time: 18 milliseconds
240725203340518 ThreadServer.run()	INFO: (0) > END #
240725203345535 ThreadServer.run()	INFO: (0) > Thread waiting for new client....
